{"timestamp": "2026-05-21 19:46:53,705", "severity": "INFO", "name": "root", "message": "IntegrationService \u0438\u043d\u0438\u0446\u0438\u0430\u043b\u0438\u0437\u0438\u0440\u043e\u0432\u0430\u043d", "module": "integration_service", "funcName": "__init__"}
{"timestamp": "2026-05-21 19:46:53,705", "severity": "INFO", "name": "root", "message": "=== \u041d\u0410\u0427\u0410\u041b\u041e \u041f\u041e\u041b\u041d\u041e\u0413\u041e \u0421\u0426\u0415\u041d\u0410\u0420\u0418\u042f \u0414\u041b\u042f \u041f\u041e\u041b\u042c\u0417\u041e\u0412\u0410\u0422\u0415\u041b\u042f 1 ===", "module": "integration_service", "funcName": "complete_test_flow"}
{"timestamp": "2026-05-21 19:46:53,705", "severity": "INFO", "name": "root", "message": "\u0412\u044b\u0437\u043e\u0432 \u043c\u043e\u0434\u0443\u043b\u044f \u0410: GET /tests/active", "module": "integration_service", "funcName": "get_active_test"}
{"timestamp": "2026-05-21 19:46:55,749", "severity": "INFO", "name": "root", "message": "\u041c\u043e\u0434\u0443\u043b\u044c \u0410 \u043e\u0442\u0432\u0435\u0442\u0438\u043b: \u0442\u0435\u0441\u0442 ID=1", "module": "integration_service", "funcName": "get_active_test"}
{"timestamp": "2026-05-21 19:46:55,750", "severity": "INFO", "name": "root", "message": "\u0412\u044b\u0437\u043e\u0432 \u043c\u043e\u0434\u0443\u043b\u044f \u0411: POST /tests/1/submit", "module": "integration_service", "funcName": "check_answers"}
{"timestamp": "2026-05-21 19:46:55,750", "severity": "INFO", "name": "root", "message": "\u041f\u0440\u043e\u0432\u0435\u0440\u043a\u0430 \u043e\u0442\u0432\u0435\u0442\u043e\u0432 \u0434\u043b\u044f \u043f\u043e\u043b\u044c\u0437\u043e\u0432\u0430\u0442\u0435\u043b\u044f 1", "module": "integration_service", "funcName": "check_answers"}
{"timestamp": "2026-05-21 19:46:57,807", "severity": "INFO", "name": "root", "message": "\u041c\u043e\u0434\u0443\u043b\u044c \u0411 \u043e\u0442\u0432\u0435\u0442\u0438\u043b: \u0431\u0430\u043b\u043b\u044b=100, \u043f\u0440\u043e\u0439\u0434\u0435\u043d=True", "module": "integration_service", "funcName": "check_answers"}
{"timestamp": "2026-05-21 19:46:57,808", "severity": "INFO", "name": "root", "message": "\u0412\u044b\u0437\u043e\u0432 \u043c\u043e\u0434\u0443\u043b\u044f \u0412: POST /results/save", "module": "integration_service", "funcName": "save_result"}
{"timestamp": "2026-05-21 19:46:57,810", "severity": "INFO", "name": "root", "message": "\u041c\u043e\u0434\u0443\u043b\u044c \u0412 \u0441\u043e\u0445\u0440\u0430\u043d\u0438\u043b \u0440\u0435\u0437\u0443\u043b\u044c\u0442\u0430\u0442: 1779382017810", "module": "integration_service", "funcName": "save_result"}
{"timestamp": "2026-05-21 19:46:57,810", "severity": "INFO", "name": "root", "message": "=== \u0421\u0426\u0415\u041d\u0410\u0420\u0418\u0419 \u0417\u0410\u0412\u0415\u0420\u0428\u0401\u041d: \u0431\u0430\u043b\u043b\u044b=100 ===", "module": "integration_service", "funcName": "complete_test_flow"}
{"timestamp": "2026-05-21 20:02:26,995", "severity": "INFO", "name": "root", "message": "IntegrationService \u0438\u043d\u0438\u0446\u0438\u0430\u043b\u0438\u0437\u0438\u0440\u043e\u0432\u0430\u043d", "module": "integration_service", "funcName": "__init__"}
{"timestamp": "2026-05-21 20:02:26,996", "severity": "INFO", "name": "root", "message": "\u0412\u044b\u0437\u043e\u0432 \u043c\u043e\u0434\u0443\u043b\u044f \u0410: GET /tests/active", "module": "integration_service", "funcName": "get_active_test"}
{"timestamp": "2026-05-21 20:02:26,996", "severity": "INFO", "name": "root", "message": "\u041c\u043e\u0434\u0443\u043b\u044c \u0410 \u043e\u0442\u0432\u0435\u0442\u0438\u043b: \u0442\u0435\u0441\u0442 ID=1", "module": "integration_service", "funcName": "get_active_test"}
{"timestamp": "2026-05-21 20:02:26,998", "severity": "INFO", "name": "root", "message": "IntegrationService \u0438\u043d\u0438\u0446\u0438\u0430\u043b\u0438\u0437\u0438\u0440\u043e\u0432\u0430\u043d", "module": "integration_service", "funcName": "__init__"}
{"timestamp": "2026-05-21 20:02:26,998", "severity": "INFO", "name": "root", "message": "\u0412\u044b\u0437\u043e\u0432 \u043c\u043e\u0434\u0443\u043b\u044f \u0410: GET /tests/active", "module": "integration_service", "funcName": "get_active_test"}
{"timestamp": "2026-05-21 20:02:26,998", "severity": "ERROR", "name": "root", "message": "\u041e\u0448\u0438\u0431\u043a\u0430 \u0432\u044b\u0437\u043e\u0432\u0430 \u043c\u043e\u0434\u0443\u043b\u044f \u0410: ", "module": "integration_service", "funcName": "get_active_test"}
{"timestamp": "2026-05-21 20:02:26,999", "severity": "WARNING", "name": "resilience", "message": "Retry 1 for wrapper after error: ", "module": "resilience", "funcName": "<lambda>"}
{"timestamp": "2026-05-21 20:02:28,999", "severity": "INFO", "name": "root", "message": "\u0412\u044b\u0437\u043e\u0432 \u043c\u043e\u0434\u0443\u043b\u044f \u0410: GET /tests/active", "module": "integration_service", "funcName": "get_active_test"}
{"timestamp": "2026-05-21 20:02:28,999", "severity": "ERROR", "name": "root", "message": "\u041e\u0448\u0438\u0431\u043a\u0430 \u0432\u044b\u0437\u043e\u0432\u0430 \u043c\u043e\u0434\u0443\u043b\u044f \u0410: ", "module": "integration_service", "funcName": "get_active_test"}
{"timestamp": "2026-05-21 20:02:28,999", "severity": "WARNING", "name": "resilience", "message": "Retry 2 for wrapper after error: ", "module": "resilience", "funcName": "<lambda>"}
{"timestamp": "2026-05-21 20:02:31,000", "severity": "INFO", "name": "root", "message": "\u0412\u044b\u0437\u043e\u0432 \u043c\u043e\u0434\u0443\u043b\u044f \u0410: GET /tests/active", "module": "integration_service", "funcName": "get_active_test"}
{"timestamp": "2026-05-21 20:02:31,000", "severity": "ERROR", "name": "root", "message": "\u041e\u0448\u0438\u0431\u043a\u0430 \u0432\u044b\u0437\u043e\u0432\u0430 \u043c\u043e\u0434\u0443\u043b\u044f \u0410: ", "module": "integration_service", "funcName": "get_active_test"}
{"timestamp": "2026-05-21 20:02:31,002", "severity": "INFO", "name": "root", "message": "IntegrationService \u0438\u043d\u0438\u0446\u0438\u0430\u043b\u0438\u0437\u0438\u0440\u043e\u0432\u0430\u043d", "module": "integration_service", "funcName": "__init__"}
{"timestamp": "2026-05-21 20:02:31,003", "severity": "INFO", "name": "root", "message": "\u0412\u044b\u0437\u043e\u0432 \u043c\u043e\u0434\u0443\u043b\u044f \u0411: POST /tests/1/submit", "module": "integration_service", "funcName": "check_answers"}
{"timestamp": "2026-05-21 20:02:31,003", "severity": "INFO", "name": "root", "message": "\u041f\u0440\u043e\u0432\u0435\u0440\u043a\u0430 \u043e\u0442\u0432\u0435\u0442\u043e\u0432 \u0434\u043b\u044f \u043f\u043e\u043b\u044c\u0437\u043e\u0432\u0430\u0442\u0435\u043b\u044f 1", "module": "integration_service", "funcName": "check_answers"}
{"timestamp": "2026-05-21 20:02:31,003", "severity": "INFO", "name": "root", "message": "\u041c\u043e\u0434\u0443\u043b\u044c \u0411 \u043e\u0442\u0432\u0435\u0442\u0438\u043b: \u0431\u0430\u043b\u043b\u044b=100, \u043f\u0440\u043e\u0439\u0434\u0435\u043d=True", "module": "integration_service", "funcName": "check_answers"}
{"timestamp": "2026-05-21 20:02:35,636", "severity": "INFO", "name": "root", "message": "IntegrationService \u0438\u043d\u0438\u0446\u0438\u0430\u043b\u0438\u0437\u0438\u0440\u043e\u0432\u0430\u043d", "module": "integration_service", "funcName": "__init__"}
{"timestamp": "2026-05-21 20:02:35,636", "severity": "INFO", "name": "root", "message": "\u0412\u044b\u0437\u043e\u0432 \u043c\u043e\u0434\u0443\u043b\u044f \u0410: GET /tests/active", "module": "integration_service", "funcName": "get_active_test"}
{"timestamp": "2026-05-21 20:02:37,670", "severity": "INFO", "name": "root", "message": "\u041c\u043e\u0434\u0443\u043b\u044c \u0410 \u043e\u0442\u0432\u0435\u0442\u0438\u043b: \u0442\u0435\u0441\u0442 ID=1", "module": "integration_service", "funcName": "get_active_test"}
{"timestamp": "2026-05-21 20:02:37,672", "severity": "INFO", "name": "root", "message": "\u0412\u044b\u0437\u043e\u0432 \u043c\u043e\u0434\u0443\u043b\u044f \u0410: GET /tests/active", "module": "integration_service", "funcName": "get_active_test"}
{"timestamp": "2026-05-21 20:02:39,700", "severity": "INFO", "name": "root", "message": "\u041c\u043e\u0434\u0443\u043b\u044c \u0410 \u043e\u0442\u0432\u0435\u0442\u0438\u043b: \u0442\u0435\u0441\u0442 ID=1", "module": "integration_service", "funcName": "get_active_test"}
{"timestamp": "2026-05-21 20:02:39,700", "severity": "INFO", "name": "root", "message": "\u0412\u044b\u0437\u043e\u0432 \u043c\u043e\u0434\u0443\u043b\u044f \u0410: GET /tests/1/questions", "module": "integration_service", "funcName": "get_questions"}
{"timestamp": "2026-05-21 20:02:41,755", "severity": "INFO", "name": "root", "message": "\u041c\u043e\u0434\u0443\u043b\u044c \u0410 \u0432\u0435\u0440\u043d\u0443\u043b 5 \u0432\u043e\u043f\u0440\u043e\u0441\u043e\u0432", "module": "integration_service", "funcName": "get_questions"}
{"timestamp": "2026-05-21 20:02:41,757", "severity": "INFO", "name": "root", "message": "\u0412\u044b\u0437\u043e\u0432 \u043c\u043e\u0434\u0443\u043b\u044f \u0410: GET /tests/active", "module": "integration_service", "funcName": "get_active_test"}
{"timestamp": "2026-05-21 20:02:43,812", "severity": "INFO", "name": "root", "message": "\u041c\u043e\u0434\u0443\u043b\u044c \u0410 \u043e\u0442\u0432\u0435\u0442\u0438\u043b: \u0442\u0435\u0441\u0442 ID=1", "module": "integration_service", "funcName": "get_active_test"}
{"timestamp": "2026-05-21 20:02:43,812", "severity": "INFO", "name": "root", "message": "\u0412\u044b\u0437\u043e\u0432 \u043c\u043e\u0434\u0443\u043b\u044f \u0411: POST /tests/1/submit", "module": "integration_service", "funcName": "check_answers"}
{"timestamp": "2026-05-21 20:02:43,812", "severity": "INFO", "name": "root", "message": "\u041f\u0440\u043e\u0432\u0435\u0440\u043a\u0430 \u043e\u0442\u0432\u0435\u0442\u043e\u0432 \u0434\u043b\u044f \u043f\u043e\u043b\u044c\u0437\u043e\u0432\u0430\u0442\u0435\u043b\u044f 1", "module": "integration_service", "funcName": "check_answers"}
{"timestamp": "2026-05-21 20:02:45,868", "severity": "INFO", "name": "root", "message": "\u041c\u043e\u0434\u0443\u043b\u044c \u0411 \u043e\u0442\u0432\u0435\u0442\u0438\u043b: \u0431\u0430\u043b\u043b\u044b=100, \u043f\u0440\u043e\u0439\u0434\u0435\u043d=True", "module": "integration_service", "funcName": "check_answers"}
{"timestamp": "2026-05-21 20:02:45,870", "severity": "INFO", "name": "root", "message": "\u0412\u044b\u0437\u043e\u0432 \u043c\u043e\u0434\u0443\u043b\u044f \u0412: POST /results/save", "module": "integration_service", "funcName": "save_result"}
{"timestamp": "2026-05-21 20:02:45,872", "severity": "INFO", "name": "root", "message": "\u041c\u043e\u0434\u0443\u043b\u044c \u0412 \u0441\u043e\u0445\u0440\u0430\u043d\u0438\u043b \u0440\u0435\u0437\u0443\u043b\u044c\u0442\u0430\u0442: 1779382965871", "module": "integration_service", "funcName": "save_result"}
